2024-09-19 15:39:07.371 ERROR o.a.c.c.C.[.[localhost].[/].[dispatcherServlet]   :175  [32m                  [0;39m Servlet.service() for servlet [dispatcherServlet] in context with path [] threw exception [Request processing failed; nested exception is com.wiki.web.exception.BusinessException: 您已点赞过] with root cause
com.wiki.web.exception.BusinessException: 您已点赞过
2024-09-19 15:39:14.190 ERROR o.a.c.c.C.[.[localhost].[/].[dispatcherServlet]   :175  [32m                  [0;39m Servlet.service() for servlet [dispatcherServlet] in context with path [] threw exception [Request processing failed; nested exception is com.wiki.web.exception.BusinessException: 您已点赞过] with root cause
com.wiki.web.exception.BusinessException: 您已点赞过
2024-09-19 15:40:24.161 ERROR o.a.c.c.C.[.[localhost].[/].[dispatcherServlet]   :175  [32m                  [0;39m Servlet.service() for servlet [dispatcherServlet] in context with path [] threw exception [Request processing failed; nested exception is com.wiki.web.exception.BusinessException: 您已点赞过] with root cause
com.wiki.web.exception.BusinessException: 您已点赞过
2024-09-19 15:41:26.617 ERROR o.s.s.support.TaskUtils$LoggingErrorHandler       :95   [32m491876182711734272[0;39m Unexpected error occurred in scheduled task
java.lang.InterruptedException: sleep interrupted
	at java.base/java.lang.Thread.sleep(Native Method)
	at com.wiki.web.job.TestJob.simple(TestJob.java:23)
	at jdk.internal.reflect.GeneratedMethodAccessor68.invoke(Unknown Source)
	at java.base/jdk.internal.reflect.DelegatingMethodAccessorImpl.invoke(DelegatingMethodAccessorImpl.java:43)
	at java.base/java.lang.reflect.Method.invoke(Method.java:568)
	at org.springframework.scheduling.support.ScheduledMethodRunnable.run(ScheduledMethodRunnable.java:84)
	at org.springframework.scheduling.support.DelegatingErrorHandlingRunnable.run(DelegatingErrorHandlingRunnable.java:54)
	at java.base/java.util.concurrent.Executors$RunnableAdapter.call(Executors.java:539)
	at java.base/java.util.concurrent.FutureTask.runAndReset(FutureTask.java:305)
	at java.base/java.util.concurrent.ScheduledThreadPoolExecutor$ScheduledFutureTask.run(ScheduledThreadPoolExecutor.java:305)
	at java.base/java.util.concurrent.ThreadPoolExecutor.runWorker(ThreadPoolExecutor.java:1136)
	at java.base/java.util.concurrent.ThreadPoolExecutor$Worker.run(ThreadPoolExecutor.java:635)
	at java.base/java.lang.Thread.run(Thread.java:833)
2024-09-19 16:18:18.949 ERROR o.s.s.support.TaskUtils$LoggingErrorHandler       :95   [32m491884445649997824[0;39m Unexpected error occurred in scheduled task
java.lang.InterruptedException: sleep interrupted
	at java.base/java.lang.Thread.sleep(Native Method)
	at com.wiki.web.job.TestJob.simple(TestJob.java:23)
	at jdk.internal.reflect.GeneratedMethodAccessor68.invoke(Unknown Source)
	at java.base/jdk.internal.reflect.DelegatingMethodAccessorImpl.invoke(DelegatingMethodAccessorImpl.java:43)
	at java.base/java.lang.reflect.Method.invoke(Method.java:568)
	at org.springframework.scheduling.support.ScheduledMethodRunnable.run(ScheduledMethodRunnable.java:84)
	at org.springframework.scheduling.support.DelegatingErrorHandlingRunnable.run(DelegatingErrorHandlingRunnable.java:54)
	at java.base/java.util.concurrent.Executors$RunnableAdapter.call(Executors.java:539)
	at java.base/java.util.concurrent.FutureTask.runAndReset(FutureTask.java:305)
	at java.base/java.util.concurrent.ScheduledThreadPoolExecutor$ScheduledFutureTask.run(ScheduledThreadPoolExecutor.java:305)
	at java.base/java.util.concurrent.ThreadPoolExecutor.runWorker(ThreadPoolExecutor.java:1136)
	at java.base/java.util.concurrent.ThreadPoolExecutor$Worker.run(ThreadPoolExecutor.java:635)
	at java.base/java.lang.Thread.run(Thread.java:833)
2024-09-19 16:19:31.675 ERROR o.a.c.c.C.[.[localhost].[/].[dispatcherServlet]   :175  [32m                  [0;39m Servlet.service() for servlet [dispatcherServlet] in context with path [] threw exception [Request processing failed; nested exception is com.wiki.web.exception.BusinessException: 用户名不存在或密码错误] with root cause
com.wiki.web.exception.BusinessException: 用户名不存在或密码错误
2024-09-19 16:27:50.304 ERROR o.s.s.support.TaskUtils$LoggingErrorHandler       :95   [32m491887657257930752[0;39m Unexpected error occurred in scheduled task
java.lang.InterruptedException: sleep interrupted
	at java.base/java.lang.Thread.sleep(Native Method)
	at com.wiki.web.job.TestJob.simple(TestJob.java:23)
	at jdk.internal.reflect.GeneratedMethodAccessor69.invoke(Unknown Source)
	at java.base/jdk.internal.reflect.DelegatingMethodAccessorImpl.invoke(DelegatingMethodAccessorImpl.java:43)
	at java.base/java.lang.reflect.Method.invoke(Method.java:568)
	at org.springframework.scheduling.support.ScheduledMethodRunnable.run(ScheduledMethodRunnable.java:84)
	at org.springframework.scheduling.support.DelegatingErrorHandlingRunnable.run(DelegatingErrorHandlingRunnable.java:54)
	at java.base/java.util.concurrent.Executors$RunnableAdapter.call(Executors.java:539)
	at java.base/java.util.concurrent.FutureTask.runAndReset(FutureTask.java:305)
	at java.base/java.util.concurrent.ScheduledThreadPoolExecutor$ScheduledFutureTask.run(ScheduledThreadPoolExecutor.java:305)
	at java.base/java.util.concurrent.ThreadPoolExecutor.runWorker(ThreadPoolExecutor.java:1136)
	at java.base/java.util.concurrent.ThreadPoolExecutor$Worker.run(ThreadPoolExecutor.java:635)
	at java.base/java.lang.Thread.run(Thread.java:833)
2024-09-19 16:28:53.970 ERROR o.a.c.c.C.[.[localhost].[/].[dispatcherServlet]   :175  [32m                  [0;39m Servlet.service() for servlet [dispatcherServlet] in context with path [] threw exception [Request processing failed; nested exception is com.wiki.web.exception.BusinessException: 您已点赞过] with root cause
com.wiki.web.exception.BusinessException: 您已点赞过
2024-09-19 16:29:21.303 ERROR o.a.c.c.C.[.[localhost].[/].[dispatcherServlet]   :175  [32m                  [0;39m Servlet.service() for servlet [dispatcherServlet] in context with path [] threw exception [Request processing failed; nested exception is com.wiki.web.exception.BusinessException: 您已点赞过] with root cause
com.wiki.web.exception.BusinessException: 您已点赞过
2024-09-19 16:29:27.856 ERROR o.a.c.c.C.[.[localhost].[/].[dispatcherServlet]   :175  [32m                  [0;39m Servlet.service() for servlet [dispatcherServlet] in context with path [] threw exception [Request processing failed; nested exception is com.wiki.web.exception.BusinessException: 您已点赞过] with root cause
com.wiki.web.exception.BusinessException: 您已点赞过
2024-09-19 16:32:49.613 ERROR o.a.c.c.C.[.[localhost].[/].[dispatcherServlet]   :175  [32m                  [0;39m Servlet.service() for servlet [dispatcherServlet] in context with path [] threw exception [Request processing failed; nested exception is com.wiki.web.exception.BusinessException: 您已点赞过] with root cause
com.wiki.web.exception.BusinessException: 您已点赞过
2024-09-19 16:33:27.617 ERROR o.a.c.c.C.[.[localhost].[/].[dispatcherServlet]   :175  [32m                  [0;39m Servlet.service() for servlet [dispatcherServlet] in context with path [] threw exception [Request processing failed; nested exception is com.wiki.web.exception.BusinessException: 您已点赞过] with root cause
com.wiki.web.exception.BusinessException: 您已点赞过
2024-09-19 16:34:52.915 ERROR o.a.c.c.C.[.[localhost].[/].[dispatcherServlet]   :175  [32m                  [0;39m Servlet.service() for servlet [dispatcherServlet] in context with path [] threw exception [Request processing failed; nested exception is com.wiki.web.exception.BusinessException: 您已点赞过] with root cause
com.wiki.web.exception.BusinessException: 您已点赞过
2024-09-19 16:34:57.458 ERROR o.a.c.c.C.[.[localhost].[/].[dispatcherServlet]   :175  [32m                  [0;39m Servlet.service() for servlet [dispatcherServlet] in context with path [] threw exception [Request processing failed; nested exception is com.wiki.web.exception.BusinessException: 您已点赞过] with root cause
com.wiki.web.exception.BusinessException: 您已点赞过
2024-09-19 16:43:13.689 ERROR o.a.c.c.C.[.[localhost].[/].[dispatcherServlet]   :175  [32m                  [0;39m Servlet.service() for servlet [dispatcherServlet] in context with path [] threw exception [Request processing failed; nested exception is com.wiki.web.exception.BusinessException: 您已点赞过] with root cause
com.wiki.web.exception.BusinessException: 您已点赞过
2024-09-19 16:43:20.760 ERROR o.a.c.c.C.[.[localhost].[/].[dispatcherServlet]   :175  [32m                  [0;39m Servlet.service() for servlet [dispatcherServlet] in context with path [] threw exception [Request processing failed; nested exception is com.wiki.web.exception.BusinessException: 您已点赞过] with root cause
com.wiki.web.exception.BusinessException: 您已点赞过
2024-09-19 16:46:39.969 ERROR o.a.c.c.C.[.[localhost].[/].[dispatcherServlet]   :175  [32m                  [0;39m Servlet.service() for servlet [dispatcherServlet] in context with path [] threw exception [Request processing failed; nested exception is com.wiki.web.exception.BusinessException: 您已点赞过] with root cause
com.wiki.web.exception.BusinessException: 您已点赞过
2024-09-19 16:48:00.239 ERROR o.a.c.c.C.[.[localhost].[/].[dispatcherServlet]   :175  [32m                  [0;39m Servlet.service() for servlet [dispatcherServlet] in context with path [] threw exception [Request processing failed; nested exception is com.wiki.web.exception.BusinessException: 您已点赞过] with root cause
com.wiki.web.exception.BusinessException: 您已点赞过
2024-09-19 16:48:08.228 ERROR o.a.c.c.C.[.[localhost].[/].[dispatcherServlet]   :175  [32m                  [0;39m Servlet.service() for servlet [dispatcherServlet] in context with path [] threw exception [Request processing failed; nested exception is com.wiki.web.exception.BusinessException: 您已点赞过] with root cause
com.wiki.web.exception.BusinessException: 您已点赞过
2024-09-19 16:48:24.655 ERROR o.a.c.c.C.[.[localhost].[/].[dispatcherServlet]   :175  [32m                  [0;39m Servlet.service() for servlet [dispatcherServlet] in context with path [] threw exception [Request processing failed; nested exception is com.wiki.web.exception.BusinessException: 您已点赞过] with root cause
com.wiki.web.exception.BusinessException: 您已点赞过
2024-09-19 16:53:52.635 ERROR o.a.c.c.C.[.[localhost].[/].[dispatcherServlet]   :175  [32m                  [0;39m Servlet.service() for servlet [dispatcherServlet] in context with path [] threw exception [Request processing failed; nested exception is com.wiki.web.exception.BusinessException: 您已点赞过] with root cause
com.wiki.web.exception.BusinessException: 您已点赞过
2024-09-19 16:53:57.826 ERROR o.a.c.c.C.[.[localhost].[/].[dispatcherServlet]   :175  [32m                  [0;39m Servlet.service() for servlet [dispatcherServlet] in context with path [] threw exception [Request processing failed; nested exception is com.wiki.web.exception.BusinessException: 您已点赞过] with root cause
com.wiki.web.exception.BusinessException: 您已点赞过
2024-09-19 16:55:38.666 ERROR o.s.s.support.TaskUtils$LoggingErrorHandler       :95   [32m491892073079902208[0;39m Unexpected error occurred in scheduled task
java.lang.InterruptedException: sleep interrupted
	at java.base/java.lang.Thread.sleep(Native Method)
	at com.wiki.web.job.TestJob.simple(TestJob.java:23)
	at jdk.internal.reflect.GeneratedMethodAccessor68.invoke(Unknown Source)
	at java.base/jdk.internal.reflect.DelegatingMethodAccessorImpl.invoke(DelegatingMethodAccessorImpl.java:43)
	at java.base/java.lang.reflect.Method.invoke(Method.java:568)
	at org.springframework.scheduling.support.ScheduledMethodRunnable.run(ScheduledMethodRunnable.java:84)
	at org.springframework.scheduling.support.DelegatingErrorHandlingRunnable.run(DelegatingErrorHandlingRunnable.java:54)
	at java.base/java.util.concurrent.Executors$RunnableAdapter.call(Executors.java:539)
	at java.base/java.util.concurrent.FutureTask.runAndReset(FutureTask.java:305)
	at java.base/java.util.concurrent.ScheduledThreadPoolExecutor$ScheduledFutureTask.run(ScheduledThreadPoolExecutor.java:305)
	at java.base/java.util.concurrent.ThreadPoolExecutor.runWorker(ThreadPoolExecutor.java:1136)
	at java.base/java.util.concurrent.ThreadPoolExecutor$Worker.run(ThreadPoolExecutor.java:635)
	at java.base/java.lang.Thread.run(Thread.java:833)
2024-09-19 16:56:53.596 ERROR o.s.s.support.TaskUtils$LoggingErrorHandler       :95   [32m491895348130877440[0;39m Unexpected error occurred in scheduled task
java.lang.InterruptedException: sleep interrupted
	at java.base/java.lang.Thread.sleep(Native Method)
	at com.wiki.web.job.TestJob.simple(TestJob.java:23)
	at jdk.internal.reflect.GeneratedMethodAccessor68.invoke(Unknown Source)
	at java.base/jdk.internal.reflect.DelegatingMethodAccessorImpl.invoke(DelegatingMethodAccessorImpl.java:43)
	at java.base/java.lang.reflect.Method.invoke(Method.java:568)
	at org.springframework.scheduling.support.ScheduledMethodRunnable.run(ScheduledMethodRunnable.java:84)
	at org.springframework.scheduling.support.DelegatingErrorHandlingRunnable.run(DelegatingErrorHandlingRunnable.java:54)
	at java.base/java.util.concurrent.Executors$RunnableAdapter.call(Executors.java:539)
	at java.base/java.util.concurrent.FutureTask.runAndReset(FutureTask.java:305)
	at java.base/java.util.concurrent.ScheduledThreadPoolExecutor$ScheduledFutureTask.run(ScheduledThreadPoolExecutor.java:305)
	at java.base/java.util.concurrent.ThreadPoolExecutor.runWorker(ThreadPoolExecutor.java:1136)
	at java.base/java.util.concurrent.ThreadPoolExecutor$Worker.run(ThreadPoolExecutor.java:635)
	at java.base/java.lang.Thread.run(Thread.java:833)
2024-09-19 16:59:16.890 ERROR o.s.s.support.TaskUtils$LoggingErrorHandler       :95   [32m491895795931549696[0;39m Unexpected error occurred in scheduled task
java.lang.InterruptedException: sleep interrupted
	at java.base/java.lang.Thread.sleep(Native Method)
	at com.wiki.web.job.TestJob.simple(TestJob.java:23)
	at jdk.internal.reflect.GeneratedMethodAccessor68.invoke(Unknown Source)
	at java.base/jdk.internal.reflect.DelegatingMethodAccessorImpl.invoke(DelegatingMethodAccessorImpl.java:43)
	at java.base/java.lang.reflect.Method.invoke(Method.java:568)
	at org.springframework.scheduling.support.ScheduledMethodRunnable.run(ScheduledMethodRunnable.java:84)
	at org.springframework.scheduling.support.DelegatingErrorHandlingRunnable.run(DelegatingErrorHandlingRunnable.java:54)
	at java.base/java.util.concurrent.Executors$RunnableAdapter.call(Executors.java:539)
	at java.base/java.util.concurrent.FutureTask.runAndReset(FutureTask.java:305)
	at java.base/java.util.concurrent.ScheduledThreadPoolExecutor$ScheduledFutureTask.run(ScheduledThreadPoolExecutor.java:305)
	at java.base/java.util.concurrent.ThreadPoolExecutor.runWorker(ThreadPoolExecutor.java:1136)
	at java.base/java.util.concurrent.ThreadPoolExecutor$Worker.run(ThreadPoolExecutor.java:635)
	at java.base/java.lang.Thread.run(Thread.java:833)
2024-09-19 16:59:28.545 ERROR o.a.c.c.C.[.[localhost].[/].[dispatcherServlet]   :175  [32m                  [0;39m Servlet.service() for servlet [dispatcherServlet] in context with path [] threw exception [Request processing failed; nested exception is com.wiki.web.exception.BusinessException: 您已点赞过] with root cause
com.wiki.web.exception.BusinessException: 您已点赞过
2024-09-19 17:00:39.489 ERROR o.a.c.c.C.[.[localhost].[/].[dispatcherServlet]   :175  [32m                  [0;39m Servlet.service() for servlet [dispatcherServlet] in context with path [] threw exception [Request processing failed; nested exception is com.wiki.web.exception.BusinessException: 您已点赞过] with root cause
com.wiki.web.exception.BusinessException: 您已点赞过
2024-09-19 17:02:21.639 ERROR o.a.c.c.C.[.[localhost].[/].[dispatcherServlet]   :175  [32m                  [0;39m Servlet.service() for servlet [dispatcherServlet] in context with path [] threw exception [Request processing failed; nested exception is com.wiki.web.exception.BusinessException: 您已点赞过] with root cause
com.wiki.web.exception.BusinessException: 您已点赞过
2024-09-19 17:02:28.600 ERROR o.a.c.c.C.[.[localhost].[/].[dispatcherServlet]   :175  [32m                  [0;39m Servlet.service() for servlet [dispatcherServlet] in context with path [] threw exception [Request processing failed; nested exception is com.wiki.web.exception.BusinessException: 您已点赞过] with root cause
com.wiki.web.exception.BusinessException: 您已点赞过
2024-09-19 17:02:40.302 ERROR o.a.c.c.C.[.[localhost].[/].[dispatcherServlet]   :175  [32m                  [0;39m Servlet.service() for servlet [dispatcherServlet] in context with path [] threw exception [Request processing failed; nested exception is com.wiki.web.exception.BusinessException: 您已点赞过] with root cause
com.wiki.web.exception.BusinessException: 您已点赞过
2024-09-19 17:02:45.023 ERROR o.a.c.c.C.[.[localhost].[/].[dispatcherServlet]   :175  [32m                  [0;39m Servlet.service() for servlet [dispatcherServlet] in context with path [] threw exception [Request processing failed; nested exception is com.wiki.web.exception.BusinessException: 您已点赞过] with root cause
com.wiki.web.exception.BusinessException: 您已点赞过
2024-09-19 17:02:50.682 ERROR o.a.c.c.C.[.[localhost].[/].[dispatcherServlet]   :175  [32m                  [0;39m Servlet.service() for servlet [dispatcherServlet] in context with path [] threw exception [Request processing failed; nested exception is com.wiki.web.exception.BusinessException: 您已点赞过] with root cause
com.wiki.web.exception.BusinessException: 您已点赞过
2024-09-19 17:05:01.532 ERROR o.s.s.support.TaskUtils$LoggingErrorHandler       :95   [32m491896968256294912[0;39m Unexpected error occurred in scheduled task
java.lang.InterruptedException: sleep interrupted
	at java.base/java.lang.Thread.sleep(Native Method)
	at com.wiki.web.job.TestJob.simple(TestJob.java:23)
	at jdk.internal.reflect.GeneratedMethodAccessor68.invoke(Unknown Source)
	at java.base/jdk.internal.reflect.DelegatingMethodAccessorImpl.invoke(DelegatingMethodAccessorImpl.java:43)
	at java.base/java.lang.reflect.Method.invoke(Method.java:568)
	at org.springframework.scheduling.support.ScheduledMethodRunnable.run(ScheduledMethodRunnable.java:84)
	at org.springframework.scheduling.support.DelegatingErrorHandlingRunnable.run(DelegatingErrorHandlingRunnable.java:54)
	at java.base/java.util.concurrent.Executors$RunnableAdapter.call(Executors.java:539)
	at java.base/java.util.concurrent.FutureTask.runAndReset(FutureTask.java:305)
	at java.base/java.util.concurrent.ScheduledThreadPoolExecutor$ScheduledFutureTask.run(ScheduledThreadPoolExecutor.java:305)
	at java.base/java.util.concurrent.ThreadPoolExecutor.runWorker(ThreadPoolExecutor.java:1136)
	at java.base/java.util.concurrent.ThreadPoolExecutor$Worker.run(ThreadPoolExecutor.java:635)
	at java.base/java.lang.Thread.run(Thread.java:833)
2024-09-19 17:05:13.048 ERROR o.a.c.c.C.[.[localhost].[/].[dispatcherServlet]   :175  [32m                  [0;39m Servlet.service() for servlet [dispatcherServlet] in context with path [] threw exception [Request processing failed; nested exception is com.wiki.web.exception.BusinessException] with root cause
com.wiki.web.exception.BusinessException: null
2024-09-19 17:06:43.719 ERROR o.s.s.support.TaskUtils$LoggingErrorHandler       :95   [32m491897767690637312[0;39m Unexpected error occurred in scheduled task
java.lang.InterruptedException: sleep interrupted
	at java.base/java.lang.Thread.sleep(Native Method)
	at com.wiki.web.job.TestJob.simple(TestJob.java:23)
	at jdk.internal.reflect.GeneratedMethodAccessor68.invoke(Unknown Source)
	at java.base/jdk.internal.reflect.DelegatingMethodAccessorImpl.invoke(DelegatingMethodAccessorImpl.java:43)
	at java.base/java.lang.reflect.Method.invoke(Method.java:568)
	at org.springframework.scheduling.support.ScheduledMethodRunnable.run(ScheduledMethodRunnable.java:84)
	at org.springframework.scheduling.support.DelegatingErrorHandlingRunnable.run(DelegatingErrorHandlingRunnable.java:54)
	at java.base/java.util.concurrent.Executors$RunnableAdapter.call(Executors.java:539)
	at java.base/java.util.concurrent.FutureTask.runAndReset(FutureTask.java:305)
	at java.base/java.util.concurrent.ScheduledThreadPoolExecutor$ScheduledFutureTask.run(ScheduledThreadPoolExecutor.java:305)
	at java.base/java.util.concurrent.ThreadPoolExecutor.runWorker(ThreadPoolExecutor.java:1136)
	at java.base/java.util.concurrent.ThreadPoolExecutor$Worker.run(ThreadPoolExecutor.java:635)
	at java.base/java.lang.Thread.run(Thread.java:833)
2024-09-19 17:08:14.275 ERROR o.s.s.support.TaskUtils$LoggingErrorHandler       :95   [32m491898095873953792[0;39m Unexpected error occurred in scheduled task
java.lang.InterruptedException: sleep interrupted
	at java.base/java.lang.Thread.sleep(Native Method)
	at com.wiki.web.job.TestJob.simple(TestJob.java:23)
	at jdk.internal.reflect.GeneratedMethodAccessor68.invoke(Unknown Source)
	at java.base/jdk.internal.reflect.DelegatingMethodAccessorImpl.invoke(DelegatingMethodAccessorImpl.java:43)
	at java.base/java.lang.reflect.Method.invoke(Method.java:568)
	at org.springframework.scheduling.support.ScheduledMethodRunnable.run(ScheduledMethodRunnable.java:84)
	at org.springframework.scheduling.support.DelegatingErrorHandlingRunnable.run(DelegatingErrorHandlingRunnable.java:54)
	at java.base/java.util.concurrent.Executors$RunnableAdapter.call(Executors.java:539)
	at java.base/java.util.concurrent.FutureTask.runAndReset(FutureTask.java:305)
	at java.base/java.util.concurrent.ScheduledThreadPoolExecutor$ScheduledFutureTask.run(ScheduledThreadPoolExecutor.java:305)
	at java.base/java.util.concurrent.ThreadPoolExecutor.runWorker(ThreadPoolExecutor.java:1136)
	at java.base/java.util.concurrent.ThreadPoolExecutor$Worker.run(ThreadPoolExecutor.java:635)
	at java.base/java.lang.Thread.run(Thread.java:833)
2024-09-19 17:09:55.497 ERROR o.s.s.support.TaskUtils$LoggingErrorHandler       :95   [32m491898474292449280[0;39m Unexpected error occurred in scheduled task
java.lang.InterruptedException: sleep interrupted
	at java.base/java.lang.Thread.sleep(Native Method)
	at com.wiki.web.job.TestJob.simple(TestJob.java:23)
	at jdk.internal.reflect.GeneratedMethodAccessor85.invoke(Unknown Source)
	at java.base/jdk.internal.reflect.DelegatingMethodAccessorImpl.invoke(DelegatingMethodAccessorImpl.java:43)
	at java.base/java.lang.reflect.Method.invoke(Method.java:568)
	at org.springframework.scheduling.support.ScheduledMethodRunnable.run(ScheduledMethodRunnable.java:84)
	at org.springframework.scheduling.support.DelegatingErrorHandlingRunnable.run(DelegatingErrorHandlingRunnable.java:54)
	at java.base/java.util.concurrent.Executors$RunnableAdapter.call(Executors.java:539)
	at java.base/java.util.concurrent.FutureTask.runAndReset(FutureTask.java:305)
	at java.base/java.util.concurrent.ScheduledThreadPoolExecutor$ScheduledFutureTask.run(ScheduledThreadPoolExecutor.java:305)
	at java.base/java.util.concurrent.ThreadPoolExecutor.runWorker(ThreadPoolExecutor.java:1136)
	at java.base/java.util.concurrent.ThreadPoolExecutor$Worker.run(ThreadPoolExecutor.java:635)
	at java.base/java.lang.Thread.run(Thread.java:833)
2024-09-19 17:10:13.225 ERROR o.a.c.c.C.[.[localhost].[/].[dispatcherServlet]   :175  [32m                  [0;39m Servlet.service() for servlet [dispatcherServlet] in context with path [] threw exception [Request processing failed; nested exception is com.wiki.web.exception.BusinessException: 您已点赞过] with root cause
com.wiki.web.exception.BusinessException: 您已点赞过
2024-09-19 17:10:18.599 ERROR o.a.c.c.C.[.[localhost].[/].[dispatcherServlet]   :175  [32m                  [0;39m Servlet.service() for servlet [dispatcherServlet] in context with path [] threw exception [Request processing failed; nested exception is com.wiki.web.exception.BusinessException: 您已点赞过] with root cause
com.wiki.web.exception.BusinessException: 您已点赞过
2024-09-19 17:17:24.529 ERROR o.s.s.support.TaskUtils$LoggingErrorHandler       :95   [32m491900590289457152[0;39m Unexpected error occurred in scheduled task
java.lang.InterruptedException: sleep interrupted
	at java.base/java.lang.Thread.sleep(Native Method)
	at com.wiki.web.job.TestJob.simple(TestJob.java:23)
	at jdk.internal.reflect.GeneratedMethodAccessor68.invoke(Unknown Source)
	at java.base/jdk.internal.reflect.DelegatingMethodAccessorImpl.invoke(DelegatingMethodAccessorImpl.java:43)
	at java.base/java.lang.reflect.Method.invoke(Method.java:568)
	at org.springframework.scheduling.support.ScheduledMethodRunnable.run(ScheduledMethodRunnable.java:84)
	at org.springframework.scheduling.support.DelegatingErrorHandlingRunnable.run(DelegatingErrorHandlingRunnable.java:54)
	at java.base/java.util.concurrent.Executors$RunnableAdapter.call(Executors.java:539)
	at java.base/java.util.concurrent.FutureTask.runAndReset(FutureTask.java:305)
	at java.base/java.util.concurrent.ScheduledThreadPoolExecutor$ScheduledFutureTask.run(ScheduledThreadPoolExecutor.java:305)
	at java.base/java.util.concurrent.ThreadPoolExecutor.runWorker(ThreadPoolExecutor.java:1136)
	at java.base/java.util.concurrent.ThreadPoolExecutor$Worker.run(ThreadPoolExecutor.java:635)
	at java.base/java.lang.Thread.run(Thread.java:833)
2024-09-19 19:50:56.870 ERROR o.a.c.c.C.[.[localhost].[/].[dispatcherServlet]   :175  [32m                  [0;39m Servlet.service() for servlet [dispatcherServlet] in context with path [] threw exception [Request processing failed; nested exception is com.wiki.web.exception.BusinessException: 您已点赞过] with root cause
com.wiki.web.exception.BusinessException: 您已点赞过
2024-09-19 19:53:55.552 ERROR o.s.s.support.TaskUtils$LoggingErrorHandler       :95   [32m491939174849581056[0;39m Unexpected error occurred in scheduled task
java.lang.InterruptedException: sleep interrupted
	at java.base/java.lang.Thread.sleep(Native Method)
	at com.wiki.web.job.TestJob.simple(TestJob.java:23)
	at jdk.internal.reflect.GeneratedMethodAccessor71.invoke(Unknown Source)
	at java.base/jdk.internal.reflect.DelegatingMethodAccessorImpl.invoke(DelegatingMethodAccessorImpl.java:43)
	at java.base/java.lang.reflect.Method.invoke(Method.java:568)
	at org.springframework.scheduling.support.ScheduledMethodRunnable.run(ScheduledMethodRunnable.java:84)
	at org.springframework.scheduling.support.DelegatingErrorHandlingRunnable.run(DelegatingErrorHandlingRunnable.java:54)
	at java.base/java.util.concurrent.Executors$RunnableAdapter.call(Executors.java:539)
	at java.base/java.util.concurrent.FutureTask.runAndReset(FutureTask.java:305)
	at java.base/java.util.concurrent.ScheduledThreadPoolExecutor$ScheduledFutureTask.run(ScheduledThreadPoolExecutor.java:305)
	at java.base/java.util.concurrent.ThreadPoolExecutor.runWorker(ThreadPoolExecutor.java:1136)
	at java.base/java.util.concurrent.ThreadPoolExecutor$Worker.run(ThreadPoolExecutor.java:635)
	at java.base/java.lang.Thread.run(Thread.java:833)
2024-09-19 20:23:47.107 ERROR o.s.s.support.TaskUtils$LoggingErrorHandler       :95   [32m491947391189127168[0;39m Unexpected error occurred in scheduled task
java.lang.InterruptedException: sleep interrupted
	at java.base/java.lang.Thread.sleep(Native Method)
	at com.wiki.web.job.TestJob.simple(TestJob.java:23)
	at jdk.internal.reflect.GeneratedMethodAccessor71.invoke(Unknown Source)
	at java.base/jdk.internal.reflect.DelegatingMethodAccessorImpl.invoke(DelegatingMethodAccessorImpl.java:43)
	at java.base/java.lang.reflect.Method.invoke(Method.java:568)
	at org.springframework.scheduling.support.ScheduledMethodRunnable.run(ScheduledMethodRunnable.java:84)
	at org.springframework.scheduling.support.DelegatingErrorHandlingRunnable.run(DelegatingErrorHandlingRunnable.java:54)
	at java.base/java.util.concurrent.Executors$RunnableAdapter.call(Executors.java:539)
	at java.base/java.util.concurrent.FutureTask.runAndReset(FutureTask.java:305)
	at java.base/java.util.concurrent.ScheduledThreadPoolExecutor$ScheduledFutureTask.run(ScheduledThreadPoolExecutor.java:305)
	at java.base/java.util.concurrent.ThreadPoolExecutor.runWorker(ThreadPoolExecutor.java:1136)
	at java.base/java.util.concurrent.ThreadPoolExecutor$Worker.run(ThreadPoolExecutor.java:635)
	at java.base/java.lang.Thread.run(Thread.java:833)
2024-09-19 20:44:02.378 ERROR o.s.s.support.TaskUtils$LoggingErrorHandler       :95   [32m491951945620262912[0;39m Unexpected error occurred in scheduled task
java.lang.InterruptedException: sleep interrupted
	at java.base/java.lang.Thread.sleep(Native Method)
	at com.wiki.web.job.TestJob.simple(TestJob.java:23)
	at jdk.internal.reflect.GeneratedMethodAccessor72.invoke(Unknown Source)
	at java.base/jdk.internal.reflect.DelegatingMethodAccessorImpl.invoke(DelegatingMethodAccessorImpl.java:43)
	at java.base/java.lang.reflect.Method.invoke(Method.java:568)
	at org.springframework.scheduling.support.ScheduledMethodRunnable.run(ScheduledMethodRunnable.java:84)
	at org.springframework.scheduling.support.DelegatingErrorHandlingRunnable.run(DelegatingErrorHandlingRunnable.java:54)
	at java.base/java.util.concurrent.Executors$RunnableAdapter.call(Executors.java:539)
	at java.base/java.util.concurrent.FutureTask.runAndReset(FutureTask.java:305)
	at java.base/java.util.concurrent.ScheduledThreadPoolExecutor$ScheduledFutureTask.run(ScheduledThreadPoolExecutor.java:305)
	at java.base/java.util.concurrent.ThreadPoolExecutor.runWorker(ThreadPoolExecutor.java:1136)
	at java.base/java.util.concurrent.ThreadPoolExecutor$Worker.run(ThreadPoolExecutor.java:635)
	at java.base/java.lang.Thread.run(Thread.java:833)
2024-09-19 20:59:46.622 ERROR o.s.s.support.TaskUtils$LoggingErrorHandler       :95   [32m491956175152222208[0;39m Unexpected error occurred in scheduled task
java.lang.InterruptedException: sleep interrupted
	at java.base/java.lang.Thread.sleep(Native Method)
	at com.wiki.web.job.TestJob.simple(TestJob.java:23)
	at jdk.internal.reflect.GeneratedMethodAccessor88.invoke(Unknown Source)
	at java.base/jdk.internal.reflect.DelegatingMethodAccessorImpl.invoke(DelegatingMethodAccessorImpl.java:43)
	at java.base/java.lang.reflect.Method.invoke(Method.java:568)
	at org.springframework.scheduling.support.ScheduledMethodRunnable.run(ScheduledMethodRunnable.java:84)
	at org.springframework.scheduling.support.DelegatingErrorHandlingRunnable.run(DelegatingErrorHandlingRunnable.java:54)
	at java.base/java.util.concurrent.Executors$RunnableAdapter.call(Executors.java:539)
	at java.base/java.util.concurrent.FutureTask.runAndReset(FutureTask.java:305)
	at java.base/java.util.concurrent.ScheduledThreadPoolExecutor$ScheduledFutureTask.run(ScheduledThreadPoolExecutor.java:305)
	at java.base/java.util.concurrent.ThreadPoolExecutor.runWorker(ThreadPoolExecutor.java:1136)
	at java.base/java.util.concurrent.ThreadPoolExecutor$Worker.run(ThreadPoolExecutor.java:635)
	at java.base/java.lang.Thread.run(Thread.java:833)
2024-09-19 21:13:52.327 ERROR o.s.s.support.TaskUtils$LoggingErrorHandler       :95   [32m491958508745527296[0;39m Unexpected error occurred in scheduled task
java.lang.InterruptedException: sleep interrupted
	at java.base/java.lang.Thread.sleep(Native Method)
	at com.wiki.web.job.TestJob.simple(TestJob.java:23)
	at jdk.internal.reflect.GeneratedMethodAccessor88.invoke(Unknown Source)
	at java.base/jdk.internal.reflect.DelegatingMethodAccessorImpl.invoke(DelegatingMethodAccessorImpl.java:43)
	at java.base/java.lang.reflect.Method.invoke(Method.java:568)
	at org.springframework.scheduling.support.ScheduledMethodRunnable.run(ScheduledMethodRunnable.java:84)
	at org.springframework.scheduling.support.DelegatingErrorHandlingRunnable.run(DelegatingErrorHandlingRunnable.java:54)
	at java.base/java.util.concurrent.Executors$RunnableAdapter.call(Executors.java:539)
	at java.base/java.util.concurrent.FutureTask.runAndReset(FutureTask.java:305)
	at java.base/java.util.concurrent.ScheduledThreadPoolExecutor$ScheduledFutureTask.run(ScheduledThreadPoolExecutor.java:305)
	at java.base/java.util.concurrent.ThreadPoolExecutor.runWorker(ThreadPoolExecutor.java:1136)
	at java.base/java.util.concurrent.ThreadPoolExecutor$Worker.run(ThreadPoolExecutor.java:635)
	at java.base/java.lang.Thread.run(Thread.java:833)
2024-09-19 21:34:18.294 ERROR o.s.s.support.TaskUtils$LoggingErrorHandler       :95   [32m491963815488000000[0;39m Unexpected error occurred in scheduled task
java.lang.InterruptedException: sleep interrupted
	at java.base/java.lang.Thread.sleep(Native Method)
	at com.wiki.web.job.TestJob.simple(TestJob.java:23)
	at jdk.internal.reflect.GeneratedMethodAccessor72.invoke(Unknown Source)
	at java.base/jdk.internal.reflect.DelegatingMethodAccessorImpl.invoke(DelegatingMethodAccessorImpl.java:43)
	at java.base/java.lang.reflect.Method.invoke(Method.java:568)
	at org.springframework.scheduling.support.ScheduledMethodRunnable.run(ScheduledMethodRunnable.java:84)
	at org.springframework.scheduling.support.DelegatingErrorHandlingRunnable.run(DelegatingErrorHandlingRunnable.java:54)
	at java.base/java.util.concurrent.Executors$RunnableAdapter.call(Executors.java:539)
	at java.base/java.util.concurrent.FutureTask.runAndReset(FutureTask.java:305)
	at java.base/java.util.concurrent.ScheduledThreadPoolExecutor$ScheduledFutureTask.run(ScheduledThreadPoolExecutor.java:305)
	at java.base/java.util.concurrent.ThreadPoolExecutor.runWorker(ThreadPoolExecutor.java:1136)
	at java.base/java.util.concurrent.ThreadPoolExecutor$Worker.run(ThreadPoolExecutor.java:635)
	at java.base/java.lang.Thread.run(Thread.java:833)
2024-09-19 21:39:06.114 ERROR o.a.c.c.C.[.[localhost].[/].[dispatcherServlet]   :175  [32m                  [0;39m Servlet.service() for servlet [dispatcherServlet] in context with path [] threw exception [Request processing failed; nested exception is com.wiki.web.exception.BusinessException: 您已点赞过] with root cause
com.wiki.web.exception.BusinessException: 您已点赞过
2024-09-19 21:39:18.680 ERROR o.a.c.c.C.[.[localhost].[/].[dispatcherServlet]   :175  [32m                  [0;39m Servlet.service() for servlet [dispatcherServlet] in context with path [] threw exception [Request processing failed; nested exception is com.wiki.web.exception.BusinessException: 您已点赞过] with root cause
com.wiki.web.exception.BusinessException: 您已点赞过
2024-09-19 21:39:22.600 ERROR o.a.c.c.C.[.[localhost].[/].[dispatcherServlet]   :175  [32m                  [0;39m Servlet.service() for servlet [dispatcherServlet] in context with path [] threw exception [Request processing failed; nested exception is com.wiki.web.exception.BusinessException: 您已点赞过] with root cause
com.wiki.web.exception.BusinessException: 您已点赞过
2024-09-19 21:39:29.203 ERROR o.a.c.c.C.[.[localhost].[/].[dispatcherServlet]   :175  [32m                  [0;39m Servlet.service() for servlet [dispatcherServlet] in context with path [] threw exception [Request processing failed; nested exception is com.wiki.web.exception.BusinessException: 您已点赞过] with root cause
com.wiki.web.exception.BusinessException: 您已点赞过
2024-09-19 21:42:01.073 ERROR o.a.c.c.C.[.[localhost].[/].[dispatcherServlet]   :175  [32m                  [0;39m Servlet.service() for servlet [dispatcherServlet] in context with path [] threw exception [Request processing failed; nested exception is com.wiki.web.exception.BusinessException: 您已点赞过] with root cause
com.wiki.web.exception.BusinessException: 您已点赞过
2024-09-19 21:43:56.051 ERROR o.s.s.support.TaskUtils$LoggingErrorHandler       :95   [32m491967174546690048[0;39m Unexpected error occurred in scheduled task
java.lang.InterruptedException: sleep interrupted
	at java.base/java.lang.Thread.sleep(Native Method)
	at com.wiki.web.job.TestJob.simple(TestJob.java:23)
	at jdk.internal.reflect.GeneratedMethodAccessor93.invoke(Unknown Source)
	at java.base/jdk.internal.reflect.DelegatingMethodAccessorImpl.invoke(DelegatingMethodAccessorImpl.java:43)
	at java.base/java.lang.reflect.Method.invoke(Method.java:568)
	at org.springframework.scheduling.support.ScheduledMethodRunnable.run(ScheduledMethodRunnable.java:84)
	at org.springframework.scheduling.support.DelegatingErrorHandlingRunnable.run(DelegatingErrorHandlingRunnable.java:54)
	at java.base/java.util.concurrent.Executors$RunnableAdapter.call(Executors.java:539)
	at java.base/java.util.concurrent.FutureTask.runAndReset(FutureTask.java:305)
	at java.base/java.util.concurrent.ScheduledThreadPoolExecutor$ScheduledFutureTask.run(ScheduledThreadPoolExecutor.java:305)
	at java.base/java.util.concurrent.ThreadPoolExecutor.runWorker(ThreadPoolExecutor.java:1136)
	at java.base/java.util.concurrent.ThreadPoolExecutor$Worker.run(ThreadPoolExecutor.java:635)
	at java.base/java.lang.Thread.run(Thread.java:833)
